Using pre-set license
Built from '2022.3/release' branch; Version is '2022.3.18f1 (d29bea25151d) revision 13802474'; Using compiler version '192829333'; Build Type 'Release'
OS: 'Windows 10  (10.0.19045) 64bit Enterprise' Language: 'en' Physical Memory: 65224 MB
BatchMode: 1, IsHumanControllingUs: 0, StartBugReporterOnCrash: 0, Is64bit: 1, IsPro: 1

COMMAND LINE ARGUMENTS:
C:\Program Files\Unity 2022.3.18f1\Editor\Unity.exe
-adb2
-batchMode
-noUpm
-name
AssetImportWorker0
-projectPath
C:/Users/3dcc3f5365a4d11c/Documents/GitHub/LearnToFlyRemake
-logFile
Logs/AssetImportWorker0.log
-srvPort
59497
Successfully changed project path to: C:/Users/3dcc3f5365a4d11c/Documents/GitHub/LearnToFlyRemake
C:/Users/3dcc3f5365a4d11c/Documents/GitHub/LearnToFlyRemake
[UnityMemory] Configuration Parameters - Can be set up in boot.config
    "memorysetup-bucket-allocator-granularity=16"
    "memorysetup-bucket-allocator-bucket-count=8"
    "memorysetup-bucket-allocator-block-size=33554432"
    "memorysetup-bucket-allocator-block-count=8"
    "memorysetup-main-allocator-block-size=16777216"
    "memorysetup-thread-allocator-block-size=16777216"
    "memorysetup-gfx-main-allocator-block-size=16777216"
    "memorysetup-gfx-thread-allocator-block-size=16777216"
    "memorysetup-cache-allocator-block-size=4194304"
    "memorysetup-typetree-allocator-block-size=2097152"
    "memorysetup-profiler-bucket-allocator-granularity=16"
    "memorysetup-profiler-bucket-allocator-bucket-count=8"
    "memorysetup-profiler-bucket-allocator-block-size=33554432"
    "memorysetup-profiler-bucket-allocator-block-count=8"
    "memorysetup-profiler-allocator-block-size=16777216"
    "memorysetup-profiler-editor-allocator-block-size=1048576"
    "memorysetup-temp-allocator-size-main=16777216"
    "memorysetup-job-temp-allocator-block-size=2097152"
    "memorysetup-job-temp-allocator-block-size-background=1048576"
    "memorysetup-job-temp-allocator-reduction-small-platforms=262144"
    "memorysetup-allocator-temp-initial-block-size-main=262144"
    "memorysetup-allocator-temp-initial-block-size-worker=262144"
    "memorysetup-temp-allocator-size-background-worker=32768"
    "memorysetup-temp-allocator-size-job-worker=262144"
    "memorysetup-temp-allocator-size-preload-manager=33554432"
    "memorysetup-temp-allocator-size-nav-mesh-worker=65536"
    "memorysetup-temp-allocator-size-audio-worker=65536"
    "memorysetup-temp-allocator-size-cloud-worker=32768"
    "memorysetup-temp-allocator-size-gi-baking-worker=262144"
    "memorysetup-temp-allocator-size-gfx=262144"
Player connection [25580] Host "[IP] 172.27.4.254 [Port] 0 [Flags] 2 [Guid] 1300631132 [EditorId] 1300631132 [Version] 1048832 [Id] WindowsEditor(7,NS00J004022DE11) [Debug] 1 [PackageName] WindowsEditor [ProjectName] Editor" joined multi-casting on [225.0.0.222:54997]...

Player connection [25580] Host "[IP] 172.27.4.254 [Port] 0 [Flags] 2 [Guid] 1300631132 [EditorId] 1300631132 [Version] 1048832 [Id] WindowsEditor(7,NS00J004022DE11) [Debug] 1 [PackageName] WindowsEditor [ProjectName] Editor" joined alternative multi-casting on [225.0.0.222:34997]...

[Physics::Module] Initialized MultithreadedJobDispatcher with 19 workers.
Refreshing native plugins compatible for Editor in 14.71 ms, found 4 plugins.
Preloading 0 native plugins for Editor in 0.00 ms.
Initialize engine version: 2022.3.18f1 (d29bea25151d)
[Subsystems] Discovering subsystems at path C:/Program Files/Unity 2022.3.18f1/Editor/Data/Resources/UnitySubsystems
[Subsystems] Discovering subsystems at path C:/Users/3dcc3f5365a4d11c/Documents/GitHub/LearnToFlyRemake/Assets
GfxDevice: creating device client; threaded=0; jobified=0
Direct3D:
    Version:  Direct3D 11.0 [level 11.1]
    Renderer: NVIDIA RTX A4000 (ID=0x24b0)
    Vendor:   NVIDIA
    VRAM:     16183 MB
    Driver:   31.0.15.3770
Initialize mono
Mono path[0] = 'C:/Program Files/Unity 2022.3.18f1/Editor/Data/Managed'
Mono path[1] = 'C:/Program Files/Unity 2022.3.18f1/Editor/Data/MonoBleedingEdge/lib/mono/unityjit-win32'
Mono config path = 'C:/Program Files/Unity 2022.3.18f1/Editor/Data/MonoBleedingEdge/etc'
Using monoOptions --debugger-agent=transport=dt_socket,embedding=1,server=y,suspend=n,address=127.0.0.1:56028
Begin MonoManager ReloadAssembly
Registering precompiled unity dll's ...
Register platform support module: C:/Program Files/Unity 2022.3.18f1/Editor/Data/PlaybackEngines/WebGLSupport/UnityEditor.WebGL.Extensions.dll
Register platform support module: C:/Program Files/Unity 2022.3.18f1/Editor/Data/PlaybackEngines/AndroidPlayer/UnityEditor.Android.Extensions.dll
Register platform support module: C:/Program Files/Unity 2022.3.18f1/Editor/Data/PlaybackEngines/WindowsStandaloneSupport/UnityEditor.WindowsStandalone.Extensions.dll
Registered in 0.011276 seconds.
- Loaded All Assemblies, in  0.418 seconds
Native extension for WindowsStandalone target not found
Native extension for Android target not found
Native extension for WebGL target not found
Mono: successfully reloaded assembly
- Finished resetting the current domain, in  0.394 seconds
Domain Reload Profiling: 810ms
	BeginReloadAssembly (133ms)
		ExecutionOrderSort (0ms)
		DisableScriptedObjects (0ms)
		BackupInstance (0ms)
		ReleaseScriptingObjects (0ms)
		CreateAndSetChildDomain (1ms)
	RebuildCommonClasses (36ms)
	RebuildNativeTypeToScriptingClass (12ms)
	initialDomainReloadingComplete (72ms)
	LoadAllAssembliesAndSetupDomain (162ms)
		LoadAssemblies (131ms)
		RebuildTransferFunctionScriptingTraits (0ms)
		AnalyzeDomain (159ms)
			TypeCache.Refresh (157ms)
				TypeCache.ScanAssembly (143ms)
			ScanForSourceGeneratedMonoScriptInfo (0ms)
			ResolveRequiredComponents (1ms)
	FinalizeReload (395ms)
		ReleaseScriptCaches (0ms)
		RebuildScriptCaches (0ms)
		SetupLoadedEditorAssemblies (326ms)
			LogAssemblyErrors (0ms)
			InitializePlatformSupportModulesInManaged (126ms)
			SetLoadedEditorAssemblies (4ms)
			RefreshPlugins (0ms)
			BeforeProcessingInitializeOnLoad (2ms)
			ProcessInitializeOnLoadAttributes (140ms)
			ProcessInitializeOnLoadMethodAttributes (54ms)
			AfterProcessingInitializeOnLoad (0ms)
			EditorAssembliesLoaded (0ms)
		ExecutionOrderSort2 (0ms)
		AwakeInstancesAfterBackupRestoration (0ms)
========================================================================
Worker process is ready to serve import requests
Begin MonoManager ReloadAssembly
- Loaded All Assemblies, in  0.707 seconds
Refreshing native plugins compatible for Editor in 5.49 ms, found 4 plugins.
Native extension for WindowsStandalone target not found
Native extension for Android target not found
Native extension for WebGL target not found
Package Manager log level set to [2]
[Package Manager] Server::EnsureServerProcessIsRunning -- launch failed, reason: Unity was launched with the -noUpm command-line argument
[Package Manager] UpmClient::Send -- Unable to send message (not connected to UPM process).
[Package Manager] Cannot connect to Unity Package Manager local server
Mono: successfully reloaded assembly
- Finished resetting the current domain, in  0.723 seconds
Domain Reload Profiling: 1425ms
	BeginReloadAssembly (157ms)
		ExecutionOrderSort (0ms)
		DisableScriptedObjects (6ms)
		BackupInstance (0ms)
		ReleaseScriptingObjects (0ms)
		CreateAndSetChildDomain (20ms)
	RebuildCommonClasses (35ms)
	RebuildNativeTypeToScriptingClass (11ms)
	initialDomainReloadingComplete (51ms)
	LoadAllAssembliesAndSetupDomain (448ms)
		LoadAssemblies (351ms)
		RebuildTransferFunctionScriptingTraits (0ms)
		AnalyzeDomain (191ms)
			TypeCache.Refresh (162ms)
				TypeCache.ScanAssembly (144ms)
			ScanForSourceGeneratedMonoScriptInfo (22ms)
			ResolveRequiredComponents (5ms)
	FinalizeReload (723ms)
		ReleaseScriptCaches (0ms)
		RebuildScriptCaches (0ms)
		SetupLoadedEditorAssemblies (523ms)
			LogAssemblyErrors (0ms)
			InitializePlatformSupportModulesInManaged (32ms)
			SetLoadedEditorAssemblies (4ms)
			RefreshPlugins (0ms)
			BeforeProcessingInitializeOnLoad (77ms)
			ProcessInitializeOnLoadAttributes (356ms)
			ProcessInitializeOnLoadMethodAttributes (44ms)
			AfterProcessingInitializeOnLoad (9ms)
			EditorAssembliesLoaded (0ms)
		ExecutionOrderSort2 (0ms)
		AwakeInstancesAfterBackupRestoration (9ms)
Launched and connected shader compiler UnityShaderCompiler.exe after 0.05 seconds
Refreshing native plugins compatible for Editor in 6.06 ms, found 4 plugins.
Preloading 0 native plugins for Editor in 0.00 ms.
Unloading 4032 Unused Serialized files (Serialized files now loaded: 0)
Unloading 64 unused Assets / (61.1 KB). Loaded Objects now: 4496.
Memory consumption went from 151.8 MB to 151.8 MB.
Total: 4.179300 ms (FindLiveObjects: 0.737500 ms CreateObjectMapping: 0.243200 ms MarkObjects: 3.070900 ms  DeleteObjects: 0.126300 ms)

AssetImportParameters requested are different than current active one (requested -> active):
  custom:container-demuxer-ogg: 62fdf1f143b41e24485cea50d1cbac27 -> 
  custom:video-decoder-ogg-theora: a1e56fd34408186e4bbccfd4996cb3dc -> 
  custom:framework-win-MediaFoundation: 216162199b28c13a410421893ffa2e32 -> 
  custom:CustomObjectIndexerAttribute: 6d391050e5a25f67b0a2c618074f2cd9 -> 
  custom:container-demuxer-webm: 4f35f7cbe854078d1ac9338744f61a02 -> 
  custom:container-muxer-webm: aa71ff27fc2769a1b78a27578f13a17b -> 
  custom:video-decoder-webm-vp8: 9c59270c3fd7afecdb556c50c9e8de78 -> 
  custom:SearchIndexIgnoredProperties: e643bd26f0fe6173181afceb89e7c659 -> 
  custom:AudioImporter_EditorPlatform: d09bf68614088b80899f8185d706f6e7 -> 
  custom:video-encoder-webm-vp8: eb34c28f22e8b96e1ab97ce403110664 -> 
  custom:audio-decoder-ogg-vorbis: bf7c407c2cedff20999df2af8eb42d56 -> 
  custom:audio-encoder-webm-vorbis: bf7c407c2cedff20999df2af8eb42d56 -> 
========================================================================
Received Import Request.
  Time since last request: 13163.402940 seconds.
  path: Assets/HD Plane.fbx
  artifactKey: Guid(913676ed946561946a287b1af194f1cb) Importer(815301076,1909f56bfc062723c751e8b465ee728b)
Start importing Assets/HD Plane.fbx using Guid(913676ed946561946a287b1af194f1cb) Importer(815301076,1909f56bfc062723c751e8b465ee728b)  -> (artifact id: '60a09523c2ba8fbf1236506171a6dd5e') in 0.317896 seconds
Number of updated asset objects reloaded before import = 0
Number of asset objects unloaded after import = 7
========================================================================
Received Import Request.
  Time since last request: 7.315338 seconds.
  path: Assets/Scenes
  artifactKey: Guid(8a86ab2a36a73894fb6dd9dad7cf8976) Importer(815301076,1909f56bfc062723c751e8b465ee728b)
Start importing Assets/Scenes using Guid(8a86ab2a36a73894fb6dd9dad7cf8976) Importer(815301076,1909f56bfc062723c751e8b465ee728b)  -> (artifact id: 'f8abaa9daf7b19bdfb79b2ce1e396223') in 0.000562 seconds
Number of updated asset objects reloaded before import = 0
Number of asset objects unloaded after import = 0
========================================================================
Received Import Request.
  Time since last request: 0.029972 seconds.
  path: Assets/Scenes/CausticsGreyscale.png
  artifactKey: Guid(b6af8ca53cd76964aafecd67b7188cf7) Importer(815301076,1909f56bfc062723c751e8b465ee728b)
Start importing Assets/Scenes/CausticsGreyscale.png using Guid(b6af8ca53cd76964aafecd67b7188cf7) Importer(815301076,1909f56bfc062723c751e8b465ee728b)  -> (artifact id: 'c3171a527c05d0e1ace9363f1969478c') in 0.107311 seconds
Number of updated asset objects reloaded before import = 0
Number of asset objects unloaded after import = 2
========================================================================
Received Import Request.
  Time since last request: 0.000020 seconds.
  path: Assets/Scenes/image (11).png
  artifactKey: Guid(62ccd7f07f746084a8eaf39f9986a166) Importer(815301076,1909f56bfc062723c751e8b465ee728b)
Start importing Assets/Scenes/image (11).png using Guid(62ccd7f07f746084a8eaf39f9986a166) Importer(815301076,1909f56bfc062723c751e8b465ee728b)  -> (artifact id: '7509fbc6f8d1db0dd9a5b12ed38dd828') in 0.042258 seconds
Number of updated asset objects reloaded before import = 0
Number of asset objects unloaded after import = 3
========================================================================
Received Import Request.
  Time since last request: 0.000420 seconds.
  path: Assets/Scenes/image (12).png
  artifactKey: Guid(d90cc01da6c34e74b9a9eb48aa745a9e) Importer(815301076,1909f56bfc062723c751e8b465ee728b)
Start importing Assets/Scenes/image (12).png using Guid(d90cc01da6c34e74b9a9eb48aa745a9e) Importer(815301076,1909f56bfc062723c751e8b465ee728b)  -> (artifact id: 'e9f38d760f6dcb0e411b94bc8bc5b381') in 0.045660 seconds
Number of updated asset objects reloaded before import = 0
Number of asset objects unloaded after import = 3
========================================================================
Received Import Request.
  Time since last request: 0.001151 seconds.
  path: Assets/Scenes/Skybox.mat
  artifactKey: Guid(d802c7ceda881284daf7ea291064dd47) Importer(815301076,1909f56bfc062723c751e8b465ee728b)
Start importing Assets/Scenes/Skybox.mat using Guid(d802c7ceda881284daf7ea291064dd47) Importer(815301076,1909f56bfc062723c751e8b465ee728b)  -> (artifact id: '74c756e8ca3196856a65288992c0f1fa') in 0.049749 seconds
Number of updated asset objects reloaded before import = 0
Number of asset objects unloaded after import = 5
========================================================================
Received Import Request.
  Time since last request: 0.000028 seconds.
  path: Assets/Scenes/Substance_graph_output_2.png
  artifactKey: Guid(ed66bcf8ef0416044bc4459cea371757) Importer(815301076,1909f56bfc062723c751e8b465ee728b)
Start importing Assets/Scenes/Substance_graph_output_2.png using Guid(ed66bcf8ef0416044bc4459cea371757) Importer(815301076,1909f56bfc062723c751e8b465ee728b)  -> (artifact id: 'f19ad27d5fed2927bf22438b6d0a9886') in 0.053428 seconds
Number of updated asset objects reloaded before import = 0
Number of asset objects unloaded after import = 2
========================================================================
Received Import Request.
  Time since last request: 0.000113 seconds.
  path: Assets/Scenes/Stars.png
  artifactKey: Guid(36fba46ae4e2df14f8b9bdb5f790308a) Importer(815301076,1909f56bfc062723c751e8b465ee728b)
Start importing Assets/Scenes/Stars.png using Guid(36fba46ae4e2df14f8b9bdb5f790308a) Importer(815301076,1909f56bfc062723c751e8b465ee728b)  -> (artifact id: '5b8a640493af3d900432b5096705b06f') in 0.048936 seconds
Number of updated asset objects reloaded before import = 0
Number of asset objects unloaded after import = 2
========================================================================
Received Import Request.
  Time since last request: 0.000018 seconds.
  path: Assets/Scenes/Water.mat
  artifactKey: Guid(c43c6a8dbb301ea44b8d4bba696a8735) Importer(815301076,1909f56bfc062723c751e8b465ee728b)
Start importing Assets/Scenes/Water.mat using Guid(c43c6a8dbb301ea44b8d4bba696a8735) Importer(815301076,1909f56bfc062723c751e8b465ee728b)  -> (artifact id: '2a0eba8600dc5686ab10068ac66bfab5') in 0.037777 seconds
Number of updated asset objects reloaded before import = 0
Number of asset objects unloaded after import = 4
========================================================================
Received Import Request.
  Time since last request: 0.000023 seconds.
  path: Assets/Scenes/image.png
  artifactKey: Guid(a1a70720f8a55654599d8af2612cf214) Importer(815301076,1909f56bfc062723c751e8b465ee728b)
Start importing Assets/Scenes/image.png using Guid(a1a70720f8a55654599d8af2612cf214) Importer(815301076,1909f56bfc062723c751e8b465ee728b)  -> (artifact id: '8a06a418b4dea56aea6bef7856577147') in 0.062775 seconds
Number of updated asset objects reloaded before import = 0
Number of asset objects unloaded after import = 2
========================================================================
Received Import Request.
  Time since last request: 0.000017 seconds.
  path: Assets/Scenes/image 1.png
  artifactKey: Guid(56bd8f1e86727a142beb304bda40fe89) Importer(815301076,1909f56bfc062723c751e8b465ee728b)
Start importing Assets/Scenes/image 1.png using Guid(56bd8f1e86727a142beb304bda40fe89) Importer(815301076,1909f56bfc062723c751e8b465ee728b)  -> (artifact id: 'cb1547a2d766924b0c5ff773665bcc35') in 0.031912 seconds
Number of updated asset objects reloaded before import = 0
Number of asset objects unloaded after import = 2
========================================================================
Received Import Request.
  Time since last request: 2.917153 seconds.
  path: Assets/Scenes/SampleScene.unity
  artifactKey: Guid(2cda990e2423bbf4892e6590ba056729) Importer(815301076,1909f56bfc062723c751e8b465ee728b)
Start importing Assets/Scenes/SampleScene.unity using Guid(2cda990e2423bbf4892e6590ba056729) Importer(815301076,1909f56bfc062723c751e8b465ee728b)  -> (artifact id: '0f258a11859b6402b5c0d61a97ee5213') in 0.000741 seconds
Number of updated asset objects reloaded before import = 0
Number of asset objects unloaded after import = 0
========================================================================
Received Import Request.
  Time since last request: 108.374959 seconds.
  path: Assets/Graphics/floor-hole.fbx
  artifactKey: Guid(eded5da18e0e56841976d3ae0655135f) Importer(815301076,1909f56bfc062723c751e8b465ee728b)
Start importing Assets/Graphics/floor-hole.fbx using Guid(eded5da18e0e56841976d3ae0655135f) Importer(815301076,1909f56bfc062723c751e8b465ee728b)  -> (artifact id: '4b26796e4c89e1f40d018a5358dcac7d') in 0.135664 seconds
Number of updated asset objects reloaded before import = 0
Number of asset objects unloaded after import = 9
========================================================================
Received Import Request.
  Time since last request: 0.000020 seconds.
  path: Assets/Graphics/structure-floor.fbx
  artifactKey: Guid(6e43577f61c53e84eab466a5d013d012) Importer(815301076,1909f56bfc062723c751e8b465ee728b)
Start importing Assets/Graphics/structure-floor.fbx using Guid(6e43577f61c53e84eab466a5d013d012) Importer(815301076,1909f56bfc062723c751e8b465ee728b)  -> (artifact id: '073c07384080fb977d568bbafb526849') in 0.073869 seconds
Number of updated asset objects reloaded before import = 0
Number of asset objects unloaded after import = 14
========================================================================
Received Import Request.
  Time since last request: 0.000030 seconds.
  path: Assets/Graphics/SkippingRock.blend
  artifactKey: Guid(68c020b426e0de746a0b3ad931fd37a4) Importer(815301076,1909f56bfc062723c751e8b465ee728b)
Start importing Assets/Graphics/SkippingRock.blend using Guid(68c020b426e0de746a0b3ad931fd37a4) Importer(815301076,1909f56bfc062723c751e8b465ee728b)  -> (artifact id: '13f903d0a9061a5be0a217958590f487') in 0.027697 seconds
Number of updated asset objects reloaded before import = 0
Number of asset objects unloaded after import = 15
========================================================================
Received Import Request.
  Time since last request: 0.000016 seconds.
  path: Assets/Graphics/rock-c.fbx
  artifactKey: Guid(7b3a8c9358cc45142b15902f27ed5010) Importer(815301076,1909f56bfc062723c751e8b465ee728b)
Start importing Assets/Graphics/rock-c.fbx using Guid(7b3a8c9358cc45142b15902f27ed5010) Importer(815301076,1909f56bfc062723c751e8b465ee728b)  -> (artifact id: 'f592026ff219166117783ac19418dfc0') in 0.027216 seconds
Number of updated asset objects reloaded before import = 0
Number of asset objects unloaded after import = 9
========================================================================
Received Import Request.
  Time since last request: 0.000021 seconds.
  path: Assets/Graphics/SkippingRock.fbx
  artifactKey: Guid(6c624e866d81abf43b28dd70efb4bf93) Importer(815301076,1909f56bfc062723c751e8b465ee728b)
Start importing Assets/Graphics/SkippingRock.fbx using Guid(6c624e866d81abf43b28dd70efb4bf93) Importer(815301076,1909f56bfc062723c751e8b465ee728b)  -> (artifact id: '774db08f2a24eee2c263f4abc5441e14') in 0.048685 seconds
Number of updated asset objects reloaded before import = 0
Number of asset objects unloaded after import = 15
Editor requested this worker to shutdown with reason: Scaling down because of idle timeout
TcpMessagingSession - receive error: operation aborted. errorcode: 995, details: The I/O operation has been aborted because of either a thread exit or an application request.
AssetImportWorker is now disconnected from the server
Process exiting
Exiting without the bug reporter. Application will terminate with return code 0