Using pre-set license
Built from '2022.3/release' branch; Version is '2022.3.18f1 (d29bea25151d) revision 13802474'; Using compiler version '192829333'; Build Type 'Release'
OS: 'Windows 10  (10.0.19045) 64bit Enterprise' Language: 'en' Physical Memory: 65224 MB
BatchMode: 1, IsHumanControllingUs: 0, StartBugReporterOnCrash: 0, Is64bit: 1, IsPro: 1

COMMAND LINE ARGUMENTS:
C:\Program Files\Unity 2022.3.18f1\Editor\Unity.exe
-adb2
-batchMode
-noUpm
-name
AssetImportWorker4
-projectPath
C:/Users/3dcc3f5365a4d11c/Documents/GitHub/LearnToFlyRemake
-logFile
Logs/AssetImportWorker4.log
-srvPort
59497
Successfully changed project path to: C:/Users/3dcc3f5365a4d11c/Documents/GitHub/LearnToFlyRemake
C:/Users/3dcc3f5365a4d11c/Documents/GitHub/LearnToFlyRemake
[UnityMemory] Configuration Parameters - Can be set up in boot.config
    "memorysetup-bucket-allocator-granularity=16"
    "memorysetup-bucket-allocator-bucket-count=8"
    "memorysetup-bucket-allocator-block-size=33554432"
    "memorysetup-bucket-allocator-block-count=8"
    "memorysetup-main-allocator-block-size=16777216"
    "memorysetup-thread-allocator-block-size=16777216"
    "memorysetup-gfx-main-allocator-block-size=16777216"
    "memorysetup-gfx-thread-allocator-block-size=16777216"
    "memorysetup-cache-allocator-block-size=4194304"
    "memorysetup-typetree-allocator-block-size=2097152"
    "memorysetup-profiler-bucket-allocator-granularity=16"
    "memorysetup-profiler-bucket-allocator-bucket-count=8"
    "memorysetup-profiler-bucket-allocator-block-size=33554432"
    "memorysetup-profiler-bucket-allocator-block-count=8"
    "memorysetup-profiler-allocator-block-size=16777216"
    "memorysetup-profiler-editor-allocator-block-size=1048576"
    "memorysetup-temp-allocator-size-main=16777216"
    "memorysetup-job-temp-allocator-block-size=2097152"
    "memorysetup-job-temp-allocator-block-size-background=1048576"
    "memorysetup-job-temp-allocator-reduction-small-platforms=262144"
    "memorysetup-allocator-temp-initial-block-size-main=262144"
    "memorysetup-allocator-temp-initial-block-size-worker=262144"
    "memorysetup-temp-allocator-size-background-worker=32768"
    "memorysetup-temp-allocator-size-job-worker=262144"
    "memorysetup-temp-allocator-size-preload-manager=33554432"
    "memorysetup-temp-allocator-size-nav-mesh-worker=65536"
    "memorysetup-temp-allocator-size-audio-worker=65536"
    "memorysetup-temp-allocator-size-cloud-worker=32768"
    "memorysetup-temp-allocator-size-gi-baking-worker=262144"
    "memorysetup-temp-allocator-size-gfx=262144"
Player connection [19972] Host "[IP] 172.27.4.254 [Port] 0 [Flags] 2 [Guid] 4288677842 [EditorId] 4288677842 [Version] 1048832 [Id] WindowsEditor(7,NS00J004022DE11) [Debug] 1 [PackageName] WindowsEditor [ProjectName] Editor" joined multi-casting on [225.0.0.222:54997]...

Player connection [19972] Host "[IP] 172.27.4.254 [Port] 0 [Flags] 2 [Guid] 4288677842 [EditorId] 4288677842 [Version] 1048832 [Id] WindowsEditor(7,NS00J004022DE11) [Debug] 1 [PackageName] WindowsEditor [ProjectName] Editor" joined alternative multi-casting on [225.0.0.222:34997]...

[Physics::Module] Initialized MultithreadedJobDispatcher with 19 workers.
Refreshing native plugins compatible for Editor in 16.51 ms, found 4 plugins.
Preloading 0 native plugins for Editor in 0.00 ms.
Initialize engine version: 2022.3.18f1 (d29bea25151d)
[Subsystems] Discovering subsystems at path C:/Program Files/Unity 2022.3.18f1/Editor/Data/Resources/UnitySubsystems
[Subsystems] Discovering subsystems at path C:/Users/3dcc3f5365a4d11c/Documents/GitHub/LearnToFlyRemake/Assets
GfxDevice: creating device client; threaded=0; jobified=0
Direct3D:
    Version:  Direct3D 11.0 [level 11.1]
    Renderer: NVIDIA RTX A4000 (ID=0x24b0)
    Vendor:   NVIDIA
    VRAM:     16183 MB
    Driver:   31.0.15.3770
Initialize mono
Mono path[0] = 'C:/Program Files/Unity 2022.3.18f1/Editor/Data/Managed'
Mono path[1] = 'C:/Program Files/Unity 2022.3.18f1/Editor/Data/MonoBleedingEdge/lib/mono/unityjit-win32'
Mono config path = 'C:/Program Files/Unity 2022.3.18f1/Editor/Data/MonoBleedingEdge/etc'
Using monoOptions --debugger-agent=transport=dt_socket,embedding=1,server=y,suspend=n,address=127.0.0.1:56276
Begin MonoManager ReloadAssembly
Registering precompiled unity dll's ...
Register platform support module: C:/Program Files/Unity 2022.3.18f1/Editor/Data/PlaybackEngines/WebGLSupport/UnityEditor.WebGL.Extensions.dll
Register platform support module: C:/Program Files/Unity 2022.3.18f1/Editor/Data/PlaybackEngines/AndroidPlayer/UnityEditor.Android.Extensions.dll
Register platform support module: C:/Program Files/Unity 2022.3.18f1/Editor/Data/PlaybackEngines/WindowsStandaloneSupport/UnityEditor.WindowsStandalone.Extensions.dll
Registered in 0.011238 seconds.
- Loaded All Assemblies, in  0.401 seconds
Native extension for WindowsStandalone target not found
Native extension for Android target not found
Native extension for WebGL target not found
Mono: successfully reloaded assembly
- Finished resetting the current domain, in  0.382 seconds
Domain Reload Profiling: 782ms
	BeginReloadAssembly (121ms)
		ExecutionOrderSort (0ms)
		DisableScriptedObjects (0ms)
		BackupInstance (0ms)
		ReleaseScriptingObjects (0ms)
		CreateAndSetChildDomain (1ms)
	RebuildCommonClasses (37ms)
	RebuildNativeTypeToScriptingClass (12ms)
	initialDomainReloadingComplete (71ms)
	LoadAllAssembliesAndSetupDomain (158ms)
		LoadAssemblies (119ms)
		RebuildTransferFunctionScriptingTraits (0ms)
		AnalyzeDomain (155ms)
			TypeCache.Refresh (154ms)
				TypeCache.ScanAssembly (139ms)
			ScanForSourceGeneratedMonoScriptInfo (0ms)
			ResolveRequiredComponents (0ms)
	FinalizeReload (383ms)
		ReleaseScriptCaches (0ms)
		RebuildScriptCaches (0ms)
		SetupLoadedEditorAssemblies (319ms)
			LogAssemblyErrors (0ms)
			InitializePlatformSupportModulesInManaged (120ms)
			SetLoadedEditorAssemblies (5ms)
			RefreshPlugins (0ms)
			BeforeProcessingInitializeOnLoad (2ms)
			ProcessInitializeOnLoadAttributes (138ms)
			ProcessInitializeOnLoadMethodAttributes (53ms)
			AfterProcessingInitializeOnLoad (0ms)
			EditorAssembliesLoaded (0ms)
		ExecutionOrderSort2 (0ms)
		AwakeInstancesAfterBackupRestoration (0ms)
========================================================================
Worker process is ready to serve import requests
Begin MonoManager ReloadAssembly
- Loaded All Assemblies, in  0.727 seconds
Refreshing native plugins compatible for Editor in 6.28 ms, found 4 plugins.
Native extension for WindowsStandalone target not found
Native extension for Android target not found
Native extension for WebGL target not found
Package Manager log level set to [2]
[Package Manager] Server::EnsureServerProcessIsRunning -- launch failed, reason: Unity was launched with the -noUpm command-line argument
[Package Manager] UpmClient::Send -- Unable to send message (not connected to UPM process).
[Package Manager] Cannot connect to Unity Package Manager local server
Mono: successfully reloaded assembly
- Finished resetting the current domain, in  0.734 seconds
Domain Reload Profiling: 1457ms
	BeginReloadAssembly (159ms)
		ExecutionOrderSort (0ms)
		DisableScriptedObjects (7ms)
		BackupInstance (0ms)
		ReleaseScriptingObjects (0ms)
		CreateAndSetChildDomain (21ms)
	RebuildCommonClasses (41ms)
	RebuildNativeTypeToScriptingClass (12ms)
	initialDomainReloadingComplete (52ms)
	LoadAllAssembliesAndSetupDomain (458ms)
		LoadAssemblies (359ms)
		RebuildTransferFunctionScriptingTraits (0ms)
		AnalyzeDomain (193ms)
			TypeCache.Refresh (162ms)
				TypeCache.ScanAssembly (144ms)
			ScanForSourceGeneratedMonoScriptInfo (24ms)
			ResolveRequiredComponents (5ms)
	FinalizeReload (735ms)
		ReleaseScriptCaches (0ms)
		RebuildScriptCaches (0ms)
		SetupLoadedEditorAssemblies (539ms)
			LogAssemblyErrors (0ms)
			InitializePlatformSupportModulesInManaged (32ms)
			SetLoadedEditorAssemblies (4ms)
			RefreshPlugins (0ms)
			BeforeProcessingInitializeOnLoad (76ms)
			ProcessInitializeOnLoadAttributes (373ms)
			ProcessInitializeOnLoadMethodAttributes (46ms)
			AfterProcessingInitializeOnLoad (8ms)
			EditorAssembliesLoaded (0ms)
		ExecutionOrderSort2 (0ms)
		AwakeInstancesAfterBackupRestoration (7ms)
Launched and connected shader compiler UnityShaderCompiler.exe after 0.05 seconds
Refreshing native plugins compatible for Editor in 2.62 ms, found 4 plugins.
Preloading 0 native plugins for Editor in 0.00 ms.
Unloading 4032 Unused Serialized files (Serialized files now loaded: 0)
Unloading 64 unused Assets / (61.1 KB). Loaded Objects now: 4496.
Memory consumption went from 151.8 MB to 151.8 MB.
Total: 2.179300 ms (FindLiveObjects: 0.178100 ms CreateObjectMapping: 0.071800 ms MarkObjects: 1.842000 ms  DeleteObjects: 0.086700 ms)

AssetImportParameters requested are different than current active one (requested -> active):
  custom:container-demuxer-ogg: 62fdf1f143b41e24485cea50d1cbac27 -> 
  custom:video-decoder-ogg-theora: a1e56fd34408186e4bbccfd4996cb3dc -> 
  custom:framework-win-MediaFoundation: 216162199b28c13a410421893ffa2e32 -> 
  custom:CustomObjectIndexerAttribute: 6d391050e5a25f67b0a2c618074f2cd9 -> 
  custom:container-demuxer-webm: 4f35f7cbe854078d1ac9338744f61a02 -> 
  custom:container-muxer-webm: aa71ff27fc2769a1b78a27578f13a17b -> 
  custom:video-decoder-webm-vp8: 9c59270c3fd7afecdb556c50c9e8de78 -> 
  custom:SearchIndexIgnoredProperties: e643bd26f0fe6173181afceb89e7c659 -> 
  custom:AudioImporter_EditorPlatform: d09bf68614088b80899f8185d706f6e7 -> 
  custom:video-encoder-webm-vp8: eb34c28f22e8b96e1ab97ce403110664 -> 
  custom:audio-decoder-ogg-vorbis: bf7c407c2cedff20999df2af8eb42d56 -> 
  custom:audio-encoder-webm-vorbis: bf7c407c2cedff20999df2af8eb42d56 -> 
========================================================================
Received Import Request.
  Time since last request: 13282.789731 seconds.
  path: Assets/Graphics
  artifactKey: Guid(8959e8a19c4b10340a85ac7d56ee362f) Importer(815301076,1909f56bfc062723c751e8b465ee728b)
Start importing Assets/Graphics using Guid(8959e8a19c4b10340a85ac7d56ee362f) Importer(815301076,1909f56bfc062723c751e8b465ee728b)  -> (artifact id: '5c79507f150faf1e81a43d6caeda6b74') in 0.003171 seconds
Number of updated asset objects reloaded before import = 0
Number of asset objects unloaded after import = 0
========================================================================
Received Import Request.
  Time since last request: 0.058799 seconds.
  path: Assets/Graphics/floor.fbx
  artifactKey: Guid(d226b097717760b4eb3514a8f2250a23) Importer(815301076,1909f56bfc062723c751e8b465ee728b)
Start importing Assets/Graphics/floor.fbx using Guid(d226b097717760b4eb3514a8f2250a23) Importer(815301076,1909f56bfc062723c751e8b465ee728b)  -> (artifact id: '2397209cb980386cb0f24ba9d7556b32') in 0.225640 seconds
Number of updated asset objects reloaded before import = 0
Number of asset objects unloaded after import = 9
========================================================================
Received Import Request.
  Time since last request: 0.000025 seconds.
  path: Assets/Graphics/floor-old.fbx
  artifactKey: Guid(aeecbb266ee1cdf4192c0b70e235b1d2) Importer(815301076,1909f56bfc062723c751e8b465ee728b)
Start importing Assets/Graphics/floor-old.fbx using Guid(aeecbb266ee1cdf4192c0b70e235b1d2) Importer(815301076,1909f56bfc062723c751e8b465ee728b)  -> (artifact id: 'e87dad86c5e547e80082edeff47da2cf') in 0.027600 seconds
Number of updated asset objects reloaded before import = 0
Number of asset objects unloaded after import = 9
========================================================================
Received Import Request.
  Time since last request: 0.000031 seconds.
  path: Assets/Graphics/rock-b.fbx
  artifactKey: Guid(58296f73fe2bb5d449aa66ec28ce5291) Importer(815301076,1909f56bfc062723c751e8b465ee728b)
Start importing Assets/Graphics/rock-b.fbx using Guid(58296f73fe2bb5d449aa66ec28ce5291) Importer(815301076,1909f56bfc062723c751e8b465ee728b)  -> (artifact id: '45b97037c11784425e5c3960c0bc4965') in 0.034302 seconds
Number of updated asset objects reloaded before import = 0
Number of asset objects unloaded after import = 9
========================================================================
Received Import Request.
  Time since last request: 0.000019 seconds.
  path: Assets/Graphics/rock-a.fbx
  artifactKey: Guid(2b9c64375f2555f4c85d34960aca44f6) Importer(815301076,1909f56bfc062723c751e8b465ee728b)
Start importing Assets/Graphics/rock-a.fbx using Guid(2b9c64375f2555f4c85d34960aca44f6) Importer(815301076,1909f56bfc062723c751e8b465ee728b)  -> (artifact id: 'abaa970a1cf805bb9df53d857d0189d8') in 0.029117 seconds
Number of updated asset objects reloaded before import = 0
Number of asset objects unloaded after import = 9
========================================================================
Received Import Request.
  Time since last request: 50.334064 seconds.
  path: Assets/Graphics/SkippingRock.blend
  artifactKey: Guid(68c020b426e0de746a0b3ad931fd37a4) Importer(815301076,1909f56bfc062723c751e8b465ee728b)
Start importing Assets/Graphics/SkippingRock.blend using Guid(68c020b426e0de746a0b3ad931fd37a4) Importer(815301076,1909f56bfc062723c751e8b465ee728b)  -> (artifact id: 'e7f12ece1b828ee20eff9a938393d9a4') in 0.032698 seconds
Number of updated asset objects reloaded before import = 0
Number of asset objects unloaded after import = 7
========================================================================
Received Import Request.
  Time since last request: 81.291616 seconds.
  path: Assets/Graphics/SkippingRock.fbx
  artifactKey: Guid(6c624e866d81abf43b28dd70efb4bf93) Importer(815301076,1909f56bfc062723c751e8b465ee728b)
Start importing Assets/Graphics/SkippingRock.fbx using Guid(6c624e866d81abf43b28dd70efb4bf93) Importer(815301076,1909f56bfc062723c751e8b465ee728b)  -> (artifact id: '79a8ae21f419486dbcf27aa094d4cba7') in 0.010421 seconds
Number of updated asset objects reloaded before import = 0
Number of asset objects unloaded after import = 7
========================================================================
Received Import Request.
  Time since last request: 13.680266 seconds.
  path: Assets/Graphics/SkippingRock.fbx
  artifactKey: Guid(6c624e866d81abf43b28dd70efb4bf93) Importer(815301076,1909f56bfc062723c751e8b465ee728b)
Start importing Assets/Graphics/SkippingRock.fbx using Guid(6c624e866d81abf43b28dd70efb4bf93) Importer(815301076,1909f56bfc062723c751e8b465ee728b)  -> (artifact id: '5b8e049d1f275f53a5de13ed31e5fd22') in 0.010087 seconds
Number of updated asset objects reloaded before import = 0
Number of asset objects unloaded after import = 7
========================================================================
Received Import Request.
  Time since last request: 12.556684 seconds.
  path: Assets/Graphics/SkippingRock.fbx
  artifactKey: Guid(6c624e866d81abf43b28dd70efb4bf93) Importer(815301076,1909f56bfc062723c751e8b465ee728b)
Start importing Assets/Graphics/SkippingRock.fbx using Guid(6c624e866d81abf43b28dd70efb4bf93) Importer(815301076,1909f56bfc062723c751e8b465ee728b)  -> (artifact id: 'b1483e07672cfeac00cef793722d0941') in 0.064735 seconds
Number of updated asset objects reloaded before import = 0
Number of asset objects unloaded after import = 7
========================================================================
Received Import Request.
  Time since last request: 23.818203 seconds.
  path: Assets/Graphics/SkippingRock.fbx
  artifactKey: Guid(6c624e866d81abf43b28dd70efb4bf93) Importer(815301076,1909f56bfc062723c751e8b465ee728b)
Start importing Assets/Graphics/SkippingRock.fbx using Guid(6c624e866d81abf43b28dd70efb4bf93) Importer(815301076,1909f56bfc062723c751e8b465ee728b)  -> (artifact id: '672ddfa6a2812d61126006e4f0f03539') in 0.019251 seconds
Number of updated asset objects reloaded before import = 0
Number of asset objects unloaded after import = 7
========================================================================
Received Import Request.
  Time since last request: 99.269542 seconds.
  path: Assets/Graphics/SkippingRock.fbx
  artifactKey: Guid(6c624e866d81abf43b28dd70efb4bf93) Importer(815301076,1909f56bfc062723c751e8b465ee728b)
Start importing Assets/Graphics/SkippingRock.fbx using Guid(6c624e866d81abf43b28dd70efb4bf93) Importer(815301076,1909f56bfc062723c751e8b465ee728b)  -> (artifact id: '4ed46721f0fc7baba694b7b73006fc79') in 0.018327 seconds
Number of updated asset objects reloaded before import = 0
Number of asset objects unloaded after import = 7
========================================================================
Received Import Request.
  Time since last request: 25.582951 seconds.
  path: Assets/Graphics/SkippingRock.fbx
  artifactKey: Guid(6c624e866d81abf43b28dd70efb4bf93) Importer(815301076,1909f56bfc062723c751e8b465ee728b)
Start importing Assets/Graphics/SkippingRock.fbx using Guid(6c624e866d81abf43b28dd70efb4bf93) Importer(815301076,1909f56bfc062723c751e8b465ee728b)  -> (artifact id: 'cd4d0442393e69df20da6175e25c26da') in 0.011387 seconds
Number of updated asset objects reloaded before import = 0
Number of asset objects unloaded after import = 7
========================================================================
Received Import Request.
  Time since last request: 155.527451 seconds.
  path: Assets/Graphics/SkippingRock.blend
  artifactKey: Guid(68c020b426e0de746a0b3ad931fd37a4) Importer(815301076,1909f56bfc062723c751e8b465ee728b)
Start importing Assets/Graphics/SkippingRock.blend using Guid(68c020b426e0de746a0b3ad931fd37a4) Importer(815301076,1909f56bfc062723c751e8b465ee728b)  -> (artifact id: 'cd5b41c03e986b1f04db6e80ecc1d3ef') in 0.011064 seconds
Number of updated asset objects reloaded before import = 0
Number of asset objects unloaded after import = 7
========================================================================
Received Import Request.
  Time since last request: 23.845714 seconds.
  path: Assets/Graphics/SkippingRock.fbx
  artifactKey: Guid(6c624e866d81abf43b28dd70efb4bf93) Importer(815301076,1909f56bfc062723c751e8b465ee728b)
Start importing Assets/Graphics/SkippingRock.fbx using Guid(6c624e866d81abf43b28dd70efb4bf93) Importer(815301076,1909f56bfc062723c751e8b465ee728b)  -> (artifact id: '001bdae2a01f008ca0ef903354b69065') in 0.012091 seconds
Number of updated asset objects reloaded before import = 0
Number of asset objects unloaded after import = 7
========================================================================
Received Import Request.
  Time since last request: 10.644166 seconds.
  path: Assets/Graphics/SkippingRock.fbx
  artifactKey: Guid(6c624e866d81abf43b28dd70efb4bf93) Importer(815301076,1909f56bfc062723c751e8b465ee728b)
Start importing Assets/Graphics/SkippingRock.fbx using Guid(6c624e866d81abf43b28dd70efb4bf93) Importer(815301076,1909f56bfc062723c751e8b465ee728b)  -> (artifact id: 'cb62bff7ba5c2d691acc18da14a0e0c1') in 0.011193 seconds
Number of updated asset objects reloaded before import = 0
Number of asset objects unloaded after import = 7
========================================================================
Received Import Request.
  Time since last request: 11.535153 seconds.
  path: Assets/Graphics/SkippingRock.fbx
  artifactKey: Guid(6c624e866d81abf43b28dd70efb4bf93) Importer(815301076,1909f56bfc062723c751e8b465ee728b)
Start importing Assets/Graphics/SkippingRock.fbx using Guid(6c624e866d81abf43b28dd70efb4bf93) Importer(815301076,1909f56bfc062723c751e8b465ee728b)  -> (artifact id: '307d204079e1fb57abe45ee7f0cfd4a0') in 0.020859 seconds
Number of updated asset objects reloaded before import = 0
Number of asset objects unloaded after import = 7
========================================================================
Received Import Request.
  Time since last request: 6641.241944 seconds.
  path: Assets/Graphics/run0.png
  artifactKey: Guid(ef8bcc63d7ffb5b479665887adb058ea) Importer(815301076,1909f56bfc062723c751e8b465ee728b)
Start importing Assets/Graphics/run0.png using Guid(ef8bcc63d7ffb5b479665887adb058ea) Importer(815301076,1909f56bfc062723c751e8b465ee728b)  -> (artifact id: '455175dfd40a281e85b285ba7a6bbd63') in 0.055105 seconds
Number of updated asset objects reloaded before import = 0
Number of asset objects unloaded after import = 3
========================================================================
Received Import Request.
  Time since last request: 0.000018 seconds.
  path: Assets/Graphics/run3.png
  artifactKey: Guid(0b1db355299f1eb498a055695761e277) Importer(815301076,1909f56bfc062723c751e8b465ee728b)
Start importing Assets/Graphics/run3.png using Guid(0b1db355299f1eb498a055695761e277) Importer(815301076,1909f56bfc062723c751e8b465ee728b)  -> (artifact id: '0edb03210fac30f67066d1631fa34862') in 0.022092 seconds
Number of updated asset objects reloaded before import = 0
Number of asset objects unloaded after import = 3
========================================================================
Received Import Request.
  Time since last request: 15.754538 seconds.
  path: Assets/Graphics/run1.png
  artifactKey: Guid(f4a126b398d4b494ebe47672dd6f892b) Importer(815301076,1909f56bfc062723c751e8b465ee728b)
Start importing Assets/Graphics/run1.png using Guid(f4a126b398d4b494ebe47672dd6f892b) Importer(815301076,1909f56bfc062723c751e8b465ee728b)  -> (artifact id: '73397e889afddb8c29a4df554a96a417') in 0.065783 seconds
Number of updated asset objects reloaded before import = 0
Number of asset objects unloaded after import = 3
========================================================================
Received Import Request.
  Time since last request: 0.000015 seconds.
  path: Assets/Graphics/run2.png
  artifactKey: Guid(496d0ff6cecff44458b7d45ab07a241c) Importer(815301076,1909f56bfc062723c751e8b465ee728b)
Start importing Assets/Graphics/run2.png using Guid(496d0ff6cecff44458b7d45ab07a241c) Importer(815301076,1909f56bfc062723c751e8b465ee728b)  -> (artifact id: 'b75eae95f3e0c2d273d21429b46dd48c') in 0.021411 seconds
Number of updated asset objects reloaded before import = 0
Number of asset objects unloaded after import = 3
========================================================================
Received Import Request.
  Time since last request: 10.006683 seconds.
  path: Assets/Graphics/AnimationTest.unity
  artifactKey: Guid(328142c9fdb372f49907b1c1ef0258bc) Importer(815301076,1909f56bfc062723c751e8b465ee728b)
Start importing Assets/Graphics/AnimationTest.unity using Guid(328142c9fdb372f49907b1c1ef0258bc) Importer(815301076,1909f56bfc062723c751e8b465ee728b)  -> (artifact id: '234197f92c8a95583291e8d69213cfaf') in 0.000549 seconds
Number of updated asset objects reloaded before import = 0
Number of asset objects unloaded after import = 0
========================================================================
Received Import Request.
  Time since last request: 1329.487602 seconds.
  path: Assets/Graphics/Textures
  artifactKey: Guid(65ea82586e524ca4d95b241c1fe61e09) Importer(815301076,1909f56bfc062723c751e8b465ee728b)
Start importing Assets/Graphics/Textures using Guid(65ea82586e524ca4d95b241c1fe61e09) Importer(815301076,1909f56bfc062723c751e8b465ee728b)  -> (artifact id: '93d0c260431ec264600218699e6da540') in 0.000716 seconds
Number of updated asset objects reloaded before import = 0
Number of asset objects unloaded after import = 0
========================================================================
Received Import Request.
  Time since last request: 0.216760 seconds.
  path: Assets/Graphics/Textures/colormap.png
  artifactKey: Guid(e0a1f94c1b1bd1d46aac2ab84dacc2cf) Importer(815301076,1909f56bfc062723c751e8b465ee728b)
Start importing Assets/Graphics/Textures/colormap.png using Guid(e0a1f94c1b1bd1d46aac2ab84dacc2cf) Importer(815301076,1909f56bfc062723c751e8b465ee728b)  -> (artifact id: '41822b4e2c4d00e95bed77282af3f95e') in 0.028974 seconds
Number of updated asset objects reloaded before import = 0
Number of asset objects unloaded after import = 3
========================================================================
Received Import Request.
  Time since last request: 4.935449 seconds.
  path: Assets/Scenes/SampleScene.unity
  artifactKey: Guid(2cda990e2423bbf4892e6590ba056729) Importer(815301076,1909f56bfc062723c751e8b465ee728b)
Start importing Assets/Scenes/SampleScene.unity using Guid(2cda990e2423bbf4892e6590ba056729) Importer(815301076,1909f56bfc062723c751e8b465ee728b)  -> (artifact id: '473266e8594918a6075a04d9c61663ea') in 0.001243 seconds
Number of updated asset objects reloaded before import = 0
Number of asset objects unloaded after import = 0
========================================================================
Received Import Request.
  Time since last request: 70.793769 seconds.
  path: Packages/com.unity.2d.animation/Editor/Assets/EditorIcons/Light/Sprite_Mode@4x.png
  artifactKey: Guid(554a30a45860f494ca38586c54b7e5d9) Importer(815301076,1909f56bfc062723c751e8b465ee728b)
Start importing Packages/com.unity.2d.animation/Editor/Assets/EditorIcons/Light/Sprite_Mode@4x.png using Guid(554a30a45860f494ca38586c54b7e5d9) Importer(815301076,1909f56bfc062723c751e8b465ee728b)  -> (artifact id: '2e397f23ac98ff1b9f8a3ba493f974b9') in 0.038678 seconds
Number of updated asset objects reloaded before import = 0
Number of asset objects unloaded after import = 3
========================================================================
Received Import Request.
  Time since last request: 0.000046 seconds.
  path: Packages/com.unity.2d.sprite/Editor/ObjectMenuCreation/DefaultAssets/Textures/v2/Square.png
  artifactKey: Guid(311925a002f4447b3a28927169b83ea6) Importer(815301076,1909f56bfc062723c751e8b465ee728b)
Start importing Packages/com.unity.2d.sprite/Editor/ObjectMenuCreation/DefaultAssets/Textures/v2/Square.png using Guid(311925a002f4447b3a28927169b83ea6) Importer(815301076,1909f56bfc062723c751e8b465ee728b)  -> (artifact id: '15e54a021ec2194d2473eab6af91a7ba') in 0.031087 seconds
Number of updated asset objects reloaded before import = 0
Number of asset objects unloaded after import = 3
========================================================================
Received Import Request.
  Time since last request: 0.000314 seconds.
  path: Packages/com.unity.2d.sprite/Editor/ObjectMenuCreation/DefaultAssets/Textures/Square.png
  artifactKey: Guid(48e93eef0688c4a259cb0eddcd8661f7) Importer(815301076,1909f56bfc062723c751e8b465ee728b)
Start importing Packages/com.unity.2d.sprite/Editor/ObjectMenuCreation/DefaultAssets/Textures/Square.png using Guid(48e93eef0688c4a259cb0eddcd8661f7) Importer(815301076,1909f56bfc062723c751e8b465ee728b)  -> (artifact id: '10daa4a13bc4cf160b8d2327016d59ef') in 0.022434 seconds
Number of updated asset objects reloaded before import = 0
Number of asset objects unloaded after import = 3
========================================================================
Received Import Request.
  Time since last request: 0.000019 seconds.
  path: Packages/com.unity.2d.common/Path/Editor/Handles/TangentBroken.png
  artifactKey: Guid(fe95aee6edcd44a18bb5f5ff8269e300) Importer(815301076,1909f56bfc062723c751e8b465ee728b)
Start importing Packages/com.unity.2d.common/Path/Editor/Handles/TangentBroken.png using Guid(fe95aee6edcd44a18bb5f5ff8269e300) Importer(815301076,1909f56bfc062723c751e8b465ee728b)  -> (artifact id: '0000144f8c13ca4973f81b8753432e3f') in 0.038431 seconds
Number of updated asset objects reloaded before import = 0
Number of asset objects unloaded after import = 3
========================================================================
Received Import Request.
  Time since last request: 0.000018 seconds.
  path: Packages/com.unity.2d.spriteshape/Editor/Handles/ss_leftrange.png
  artifactKey: Guid(9417efc47083f4a1598c1966a6345cdb) Importer(815301076,1909f56bfc062723c751e8b465ee728b)
Start importing Packages/com.unity.2d.spriteshape/Editor/Handles/ss_leftrange.png using Guid(9417efc47083f4a1598c1966a6345cdb) Importer(815301076,1909f56bfc062723c751e8b465ee728b)  -> (artifact id: '712791d52b4dc47e8d6eb7a31efc9c70') in 0.029710 seconds
Number of updated asset objects reloaded before import = 0
Number of asset objects unloaded after import = 3
========================================================================
Received Import Request.
  Time since last request: 16.372943 seconds.
  path: Assets/Graphics/SkippyAnimations
  artifactKey: Guid(688dbfcdf1be1ee4996cedaca7cc7892) Importer(815301076,1909f56bfc062723c751e8b465ee728b)
Start importing Assets/Graphics/SkippyAnimations using Guid(688dbfcdf1be1ee4996cedaca7cc7892) Importer(815301076,1909f56bfc062723c751e8b465ee728b)  -> (artifact id: '4cc54760d10f17ead9fef0f7ac45a5a3') in 0.000552 seconds
Number of updated asset objects reloaded before import = 0
Number of asset objects unloaded after import = 0
========================================================================
Received Import Request.
  Time since last request: 9.868287 seconds.
  path: Assets/Graphics/SkippyAnimations/run0.png
  artifactKey: Guid(115f741f1cdfaca41b279dc57bb003e6) Importer(815301076,1909f56bfc062723c751e8b465ee728b)
Start importing Assets/Graphics/SkippyAnimations/run0.png using Guid(115f741f1cdfaca41b279dc57bb003e6) Importer(815301076,1909f56bfc062723c751e8b465ee728b)  -> (artifact id: '8415fb31b171201ea62205f4bc507a6d') in 0.046832 seconds
Number of updated asset objects reloaded before import = 0
Number of asset objects unloaded after import = 3
========================================================================
Received Import Request.
  Time since last request: 0.000026 seconds.
  path: Assets/Graphics/SkippyAnimations/run3.png
  artifactKey: Guid(200f5b0a9a101b14dbd251e1c1372b29) Importer(815301076,1909f56bfc062723c751e8b465ee728b)
Start importing Assets/Graphics/SkippyAnimations/run3.png using Guid(200f5b0a9a101b14dbd251e1c1372b29) Importer(815301076,1909f56bfc062723c751e8b465ee728b)  -> (artifact id: 'cb9cedc43f798fa65c92a6a2cc9e7ef8') in 0.026470 seconds
Number of updated asset objects reloaded before import = 0
Number of asset objects unloaded after import = 3
========================================================================
Received Import Request.
  Time since last request: 4.758459 seconds.
  path: Assets/Graphics/SkippyAnimations/run0.png
  artifactKey: Guid(115f741f1cdfaca41b279dc57bb003e6) Importer(815301076,1909f56bfc062723c751e8b465ee728b)
Start importing Assets/Graphics/SkippyAnimations/run0.png using Guid(115f741f1cdfaca41b279dc57bb003e6) Importer(815301076,1909f56bfc062723c751e8b465ee728b)  -> (artifact id: '74658f0f3c60b261cdb7d54692237545') in 0.094917 seconds
Number of updated asset objects reloaded before import = 0
Number of asset objects unloaded after import = 3
========================================================================
Received Import Request.
  Time since last request: 0.000171 seconds.
  path: Assets/Graphics/SkippyAnimations/run3.png
  artifactKey: Guid(200f5b0a9a101b14dbd251e1c1372b29) Importer(815301076,1909f56bfc062723c751e8b465ee728b)
Start importing Assets/Graphics/SkippyAnimations/run3.png using Guid(200f5b0a9a101b14dbd251e1c1372b29) Importer(815301076,1909f56bfc062723c751e8b465ee728b)  -> (artifact id: '81064aa36663163d49cf29497932f15f') in 0.127455 seconds
Number of updated asset objects reloaded before import = 0
Number of asset objects unloaded after import = 3
========================================================================
Received Import Request.
  Time since last request: 21.538069 seconds.
  path: Assets/Graphics/SkippyAnimations/run0.controller
  artifactKey: Guid(e7c49769a8131bd4b8345416c4da1af9) Importer(815301076,1909f56bfc062723c751e8b465ee728b)
Start importing Assets/Graphics/SkippyAnimations/run0.controller using Guid(e7c49769a8131bd4b8345416c4da1af9) Importer(815301076,1909f56bfc062723c751e8b465ee728b)  -> (artifact id: '9b8e4cf29d1ab149b0177f1c105c47bb') in 0.002051 seconds
Number of updated asset objects reloaded before import = 0
Number of asset objects unloaded after import = 1
========================================================================
Received Import Request.
  Time since last request: 3.563001 seconds.
  path: Assets/Graphics/SkippyAnimations/Skippy.controller
  artifactKey: Guid(e7c49769a8131bd4b8345416c4da1af9) Importer(815301076,1909f56bfc062723c751e8b465ee728b)
Start importing Assets/Graphics/SkippyAnimations/Skippy.controller using Guid(e7c49769a8131bd4b8345416c4da1af9) Importer(815301076,1909f56bfc062723c751e8b465ee728b)  -> (artifact id: 'cd0cce639e19460c5eeb8938d2b9f463') in 0.002183 seconds
Number of updated asset objects reloaded before import = 0
Number of asset objects unloaded after import = 4
========================================================================
Received Import Request.
  Time since last request: 2.504357 seconds.
  path: Assets/Graphics/run0.controller
  artifactKey: Guid(4fe3436eeb03c204db94165b90e3cf38) Importer(815301076,1909f56bfc062723c751e8b465ee728b)
Start importing Assets/Graphics/run0.controller using Guid(4fe3436eeb03c204db94165b90e3cf38) Importer(815301076,1909f56bfc062723c751e8b465ee728b)  -> (artifact id: '06f328f0643d1587544e588f39a6b11c') in 0.001467 seconds
Number of updated asset objects reloaded before import = 0
Number of asset objects unloaded after import = 4
========================================================================
Received Import Request.
  Time since last request: 87.805259 seconds.
  path: Assets/Graphics/SkippyAnimations/Run.anim
  artifactKey: Guid(bf1759193ddb44c48b5fbebc43022cd8) Importer(815301076,1909f56bfc062723c751e8b465ee728b)
Start importing Assets/Graphics/SkippyAnimations/Run.anim using Guid(bf1759193ddb44c48b5fbebc43022cd8) Importer(815301076,1909f56bfc062723c751e8b465ee728b)  -> (artifact id: '583754d92d8cfcc533e1e94a64c379d4') in 0.001263 seconds
Number of updated asset objects reloaded before import = 0
Number of asset objects unloaded after import = 1
========================================================================
Received Prepare
Begin MonoManager ReloadAssembly
- Loaded All Assemblies, in  0.658 seconds
Refreshing native plugins compatible for Editor in 6.95 ms, found 4 plugins.
Native extension for WindowsStandalone target not found
Native extension for Android target not found
Native extension for WebGL target not found
[Package Manager] Server::EnsureServerProcessIsRunning -- launch failed, reason: Unity was launched with the -noUpm command-line argument
[Package Manager] UpmClient::Send -- Unable to send message (not connected to UPM process).
[Package Manager] Cannot connect to Unity Package Manager local server
Mono: successfully reloaded assembly
- Finished resetting the current domain, in 15.091 seconds
Domain Reload Profiling: 15745ms
	BeginReloadAssembly (199ms)
		ExecutionOrderSort (0ms)
		DisableScriptedObjects (21ms)
		BackupInstance (0ms)
		ReleaseScriptingObjects (0ms)
		CreateAndSetChildDomain (38ms)
	RebuildCommonClasses (109ms)
	RebuildNativeTypeToScriptingClass (14ms)
	initialDomainReloadingComplete (39ms)
	LoadAllAssembliesAndSetupDomain (291ms)
		LoadAssemblies (379ms)
		RebuildTransferFunctionScriptingTraits (0ms)
		AnalyzeDomain (14ms)
			TypeCache.Refresh (7ms)
				TypeCache.ScanAssembly (0ms)
			ScanForSourceGeneratedMonoScriptInfo (0ms)
			ResolveRequiredComponents (6ms)
	FinalizeReload (15092ms)
		ReleaseScriptCaches (0ms)
		RebuildScriptCaches (0ms)
		SetupLoadedEditorAssemblies (520ms)
			LogAssemblyErrors (0ms)
			InitializePlatformSupportModulesInManaged (34ms)
			SetLoadedEditorAssemblies (4ms)
			RefreshPlugins (0ms)
			BeforeProcessingInitializeOnLoad (86ms)
			ProcessInitializeOnLoadAttributes (346ms)
			ProcessInitializeOnLoadMethodAttributes (40ms)
			AfterProcessingInitializeOnLoad (10ms)
			EditorAssembliesLoaded (0ms)
		ExecutionOrderSort2 (0ms)
		AwakeInstancesAfterBackupRestoration (16ms)
Refreshing native plugins compatible for Editor in 7.22 ms, found 4 plugins.
Preloading 0 native plugins for Editor in 0.00 ms.
Unloading 4017 Unused Serialized files (Serialized files now loaded: 0)
Unloading 35 unused Assets / (34.4 KB). Loaded Objects now: 4557.
Memory consumption went from 150.0 MB to 150.0 MB.
Total: 3.768500 ms (FindLiveObjects: 0.493500 ms CreateObjectMapping: 0.215100 ms MarkObjects: 2.998700 ms  DeleteObjects: 0.059300 ms)

Prepare: number of updated asset objects reloaded= 0
AssetImportParameters requested are different than current active one (requested -> active):
  custom:container-demuxer-ogg: 62fdf1f143b41e24485cea50d1cbac27 -> 
  custom:video-decoder-ogg-theora: a1e56fd34408186e4bbccfd4996cb3dc -> 
  custom:framework-win-MediaFoundation: 216162199b28c13a410421893ffa2e32 -> 
  custom:CustomObjectIndexerAttribute: 6d391050e5a25f67b0a2c618074f2cd9 -> 
  custom:container-demuxer-webm: 4f35f7cbe854078d1ac9338744f61a02 -> 
  custom:container-muxer-webm: aa71ff27fc2769a1b78a27578f13a17b -> 
  custom:video-decoder-webm-vp8: 9c59270c3fd7afecdb556c50c9e8de78 -> 
  custom:SearchIndexIgnoredProperties: e643bd26f0fe6173181afceb89e7c659 -> 
  custom:AudioImporter_EditorPlatform: d09bf68614088b80899f8185d706f6e7 -> 
  custom:video-encoder-webm-vp8: eb34c28f22e8b96e1ab97ce403110664 -> 
  custom:audio-decoder-ogg-vorbis: bf7c407c2cedff20999df2af8eb42d56 -> 
  custom:audio-encoder-webm-vorbis: bf7c407c2cedff20999df2af8eb42d56 -> 
========================================================================
Received Prepare
Begin MonoManager ReloadAssembly
- Loaded All Assemblies, in  0.571 seconds
Refreshing native plugins compatible for Editor in 6.66 ms, found 4 plugins.
Native extension for WindowsStandalone target not found
Native extension for Android target not found
Native extension for WebGL target not found
[Package Manager] Server::EnsureServerProcessIsRunning -- launch failed, reason: Unity was launched with the -noUpm command-line argument
[Package Manager] UpmClient::Send -- Unable to send message (not connected to UPM process).
[Package Manager] Cannot connect to Unity Package Manager local server
Mono: successfully reloaded assembly
- Finished resetting the current domain, in  1.234 seconds
Domain Reload Profiling: 1800ms
	BeginReloadAssembly (189ms)
		ExecutionOrderSort (0ms)
		DisableScriptedObjects (15ms)
		BackupInstance (0ms)
		ReleaseScriptingObjects (0ms)
		CreateAndSetChildDomain (35ms)
	RebuildCommonClasses (38ms)
	RebuildNativeTypeToScriptingClass (14ms)
	initialDomainReloadingComplete (38ms)
	LoadAllAssembliesAndSetupDomain (286ms)
		LoadAssemblies (374ms)
		RebuildTransferFunctionScriptingTraits (0ms)
		AnalyzeDomain (15ms)
			TypeCache.Refresh (7ms)
				TypeCache.ScanAssembly (0ms)
			ScanForSourceGeneratedMonoScriptInfo (0ms)
			ResolveRequiredComponents (6ms)
	FinalizeReload (1235ms)
		ReleaseScriptCaches (0ms)
		RebuildScriptCaches (0ms)
		SetupLoadedEditorAssemblies (512ms)
			LogAssemblyErrors (0ms)
			InitializePlatformSupportModulesInManaged (33ms)
			SetLoadedEditorAssemblies (4ms)
			RefreshPlugins (0ms)
			BeforeProcessingInitializeOnLoad (84ms)
			ProcessInitializeOnLoadAttributes (341ms)
			ProcessInitializeOnLoadMethodAttributes (40ms)
			AfterProcessingInitializeOnLoad (10ms)
			EditorAssembliesLoaded (0ms)
		ExecutionOrderSort2 (0ms)
		AwakeInstancesAfterBackupRestoration (17ms)
Refreshing native plugins compatible for Editor in 6.90 ms, found 4 plugins.
Preloading 0 native plugins for Editor in 0.00 ms.
Unloading 4017 Unused Serialized files (Serialized files now loaded: 0)
Unloading 35 unused Assets / (34.4 KB). Loaded Objects now: 4561.
Memory consumption went from 152.0 MB to 152.0 MB.
Total: 4.006800 ms (FindLiveObjects: 0.480400 ms CreateObjectMapping: 0.205700 ms MarkObjects: 3.263100 ms  DeleteObjects: 0.056100 ms)

Prepare: number of updated asset objects reloaded= 0
AssetImportParameters requested are different than current active one (requested -> active):
  custom:container-demuxer-ogg: 62fdf1f143b41e24485cea50d1cbac27 -> 
  custom:video-decoder-ogg-theora: a1e56fd34408186e4bbccfd4996cb3dc -> 
  custom:framework-win-MediaFoundation: 216162199b28c13a410421893ffa2e32 -> 
  custom:CustomObjectIndexerAttribute: 6d391050e5a25f67b0a2c618074f2cd9 -> 
  custom:container-demuxer-webm: 4f35f7cbe854078d1ac9338744f61a02 -> 
  custom:container-muxer-webm: aa71ff27fc2769a1b78a27578f13a17b -> 
  custom:video-decoder-webm-vp8: 9c59270c3fd7afecdb556c50c9e8de78 -> 
  custom:SearchIndexIgnoredProperties: e643bd26f0fe6173181afceb89e7c659 -> 
  custom:AudioImporter_EditorPlatform: d09bf68614088b80899f8185d706f6e7 -> 
  custom:video-encoder-webm-vp8: eb34c28f22e8b96e1ab97ce403110664 -> 
  custom:audio-decoder-ogg-vorbis: bf7c407c2cedff20999df2af8eb42d56 -> 
  custom:audio-encoder-webm-vorbis: bf7c407c2cedff20999df2af8eb42d56 -> 
========================================================================
Received Import Request.
  Time since last request: 625.302923 seconds.
  path: Assets/Graphics/SkippyAnimations/Skippy.controller
  artifactKey: Guid(e7c49769a8131bd4b8345416c4da1af9) Importer(815301076,1909f56bfc062723c751e8b465ee728b)
Start importing Assets/Graphics/SkippyAnimations/Skippy.controller using Guid(e7c49769a8131bd4b8345416c4da1af9) Importer(815301076,1909f56bfc062723c751e8b465ee728b)  -> (artifact id: '69864e2d56b4182e265df4dd868c77a5') in 0.016536 seconds
Number of updated asset objects reloaded before import = 0
Number of asset objects unloaded after import = 4
